The system is: Windows - 10.0.10586 - AMD64
Compiling the C compiler identification source file "CMakeCCompilerId.c" succeeded.
Compiler: C:/cygwin/bin/i686-w64-mingw32-gcc.exe 
Build flags: 
Id flags: 

The output was:
0


Compilation of the C compiler identification source "CMakeCCompilerId.c" produced "a.exe"

The C compiler identification is GNU, found in "C:/Users/champ/Git/crows/opulence/CMakeFiles/3.5.2/CompilerIdC/a.exe"

Compiling the CXX compiler identification source file "CMakeCXXCompilerId.cpp" succeeded.
Compiler: C:/cygwin/bin/i686-w64-mingw32-g++.exe 
Build flags: 
Id flags: 

The output was:
0


Compilation of the CXX compiler identification source "CMakeCXXCompilerId.cpp" produced "a.exe"

The CXX compiler identification is GNU, found in "C:/Users/champ/Git/crows/opulence/CMakeFiles/3.5.2/CompilerIdCXX/a.exe"

Determining if the C compiler works passed with the following output:
Change Dir: C:/Users/champ/Git/crows/opulence/CMakeFiles/CMakeTmp

Run Build Command:"C:/cygwin/bin/make.exe" "cmTC_57dce/fast"
/usr/bin/make -f CMakeFiles/cmTC_57dce.dir/build.make CMakeFiles/cmTC_57dce.dir/build
make[1]: Entering directory '/cygdrive/c/Users/champ/Git/crows/opulence/CMakeFiles/CMakeTmp'
Building C object CMakeFiles/cmTC_57dce.dir/testCCompiler.c.obj
C:/cygwin/bin/i686-w64-mingw32-gcc.exe     -o CMakeFiles/cmTC_57dce.dir/testCCompiler.c.obj   -c C:/Users/champ/Git/crows/opulence/CMakeFiles/CMakeTmp/testCCompiler.c
Linking C executable cmTC_57dce.exe
"C:/Program Files (x86)/CMake/bin/cmake.exe" -E remove -f CMakeFiles/cmTC_57dce.dir/objects.a
C:/cygwin/bin/ar.exe cr CMakeFiles/cmTC_57dce.dir/objects.a @CMakeFiles/cmTC_57dce.dir/objects1.rsp
C:/cygwin/bin/i686-w64-mingw32-gcc.exe       -Wl,--whole-archive CMakeFiles/cmTC_57dce.dir/objects.a -Wl,--no-whole-archive  -o cmTC_57dce.exe -Wl,--out-implib,libcmTC_57dce.dll.a -Wl,--major-image-version,0,--minor-image-version,0 @CMakeFiles/cmTC_57dce.dir/linklibs.rsp
make[1]: Leaving directory '/cygdrive/c/Users/champ/Git/crows/opulence/CMakeFiles/CMakeTmp'


Detecting C compiler ABI info compiled with the following output:
Change Dir: C:/Users/champ/Git/crows/opulence/CMakeFiles/CMakeTmp

Run Build Command:"C:/cygwin/bin/make.exe" "cmTC_d74cf/fast"
/usr/bin/make -f CMakeFiles/cmTC_d74cf.dir/build.make CMakeFiles/cmTC_d74cf.dir/build
make[1]: Entering directory '/cygdrive/c/Users/champ/Git/crows/opulence/CMakeFiles/CMakeTmp'
Building C object CMakeFiles/cmTC_d74cf.dir/CMakeCCompilerABI.c.obj
C:/cygwin/bin/i686-w64-mingw32-gcc.exe     -o CMakeFiles/cmTC_d74cf.dir/CMakeCCompilerABI.c.obj   -c "C:/Program Files (x86)/CMake/share/cmake-3.5/Modules/CMakeCCompilerABI.c"
Linking C executable cmTC_d74cf.exe
"C:/Program Files (x86)/CMake/bin/cmake.exe" -E remove -f CMakeFiles/cmTC_d74cf.dir/objects.a
C:/cygwin/bin/ar.exe cr CMakeFiles/cmTC_d74cf.dir/objects.a @CMakeFiles/cmTC_d74cf.dir/objects1.rsp
C:/cygwin/bin/i686-w64-mingw32-gcc.exe      -v -Wl,--whole-archive CMakeFiles/cmTC_d74cf.dir/objects.a -Wl,--no-whole-archive  -o cmTC_d74cf.exe -Wl,--out-implib,libcmTC_d74cf.dll.a -Wl,--major-image-version,0,--minor-image-version,0   
Using built-in specs.
COLLECT_GCC=C:/cygwin/bin/i686-w64-mingw32-gcc
COLLECT_LTO_WRAPPER=/usr/lib/gcc/i686-w64-mingw32/4.9.2/lto-wrapper.exe
Target: i686-w64-mingw32
Configured with: /cygdrive/i/szsz/tmpp/cygwin64/mingw64-i686/mingw64-i686-gcc-4.9.2-2.i686/src/gcc-4.9.2/configure --srcdir=/cygdrive/i/szsz/tmpp/cygwin64/mingw64-i686/mingw64-i686-gcc-4.9.2-2.i686/src/gcc-4.9.2 --prefix=/usr --exec-prefix=/usr --localstatedir=/var --sysconfdir=/etc --docdir=/usr/share/doc/mingw64-i686-gcc --htmldir=/usr/share/doc/mingw64-i686-gcc/html -C --build=i686-pc-cygwin --host=i686-pc-cygwin --target=i686-w64-mingw32 --without-libiconv-prefix --without-libintl-prefix --with-sysroot=/usr/i686-w64-mingw32/sys-root --with-build-sysroot=/usr/i686-w64-mingw32/sys-root --disable-multilib --disable-win32-registry --enable-languages=c,ada,c++,fortran,lto,objc,obj-c++ --enable-fully-dynamic-string --enable-graphite --enable-libgomp --enable-libquadmath --enable-libquadmath-support --enable-libssp --enable-version-specific-runtime-libs --with-dwarf2 --with-gnu-ld --with-gnu-as --with-tune=generic --with-cloog-include=/usr/include/cloog-isl --with-system-zlib --libexecdir=/usr/lib
Thread model: win32
gcc version 4.9.2 (GCC) 
COMPILER_PATH=/usr/lib/gcc/i686-w64-mingw32/4.9.2/:/usr/lib/gcc/i686-w64-mingw32/4.9.2/:/usr/lib/gcc/i686-w64-mingw32/:/usr/lib/gcc/i686-w64-mingw32/4.9.2/:/usr/lib/gcc/i686-w64-mingw32/:/usr/lib/gcc/i686-w64-mingw32/4.9.2/../../../../i686-w64-mingw32/bin/
LIBRARY_PATH=/usr/lib/gcc/i686-w64-mingw32/4.9.2/:/usr/lib/gcc/i686-w64-mingw32/4.9.2/../../../../i686-w64-mingw32/lib/../lib/:/usr/i686-w64-mingw32/sys-root/mingw/lib/../lib/:/usr/lib/gcc/i686-w64-mingw32/4.9.2/../../../../i686-w64-mingw32/lib/:/usr/i686-w64-mingw32/sys-root/mingw/lib/
COLLECT_GCC_OPTIONS='-v' '-o' 'cmTC_d74cf.exe' '-mtune=generic' '-march=pentiumpro'
 /usr/lib/gcc/i686-w64-mingw32/4.9.2/collect2.exe -plugin /usr/lib/gcc/i686-w64-mingw32/4.9.2/cyglto_plugin.dll -plugin-opt=/usr/lib/gcc/i686-w64-mingw32/4.9.2/lto-wrapper.exe -plugin-opt=-fresolution=/cygdrive/c/Users/champ/AppData/Local/Temp/ccG4w5k3.res -plugin-opt=-pass-through=-lmingw32 -plugin-opt=-pass-through=-lgcc -plugin-opt=-pass-through=-lgcc_eh -plugin-opt=-pass-through=-lmoldname -plugin-opt=-pass-through=-lmingwex -plugin-opt=-pass-through=-lmsvcrt -plugin-opt=-pass-through=-ladvapi32 -plugin-opt=-pass-through=-lshell32 -plugin-opt=-pass-through=-luser32 -plugin-opt=-pass-through=-lkernel32 -plugin-opt=-pass-through=-lmingw32 -plugin-opt=-pass-through=-lgcc -plugin-opt=-pass-through=-lgcc_eh -plugin-opt=-pass-through=-lmoldname -plugin-opt=-pass-through=-lmingwex -plugin-opt=-pass-through=-lmsvcrt --sysroot=/usr/i686-w64-mingw32/sys-root -m i386pe -Bdynamic -o cmTC_d74cf.exe /usr/i686-w64-mingw32/sys-root/mingw/lib/../lib/crt2.o /usr/lib/gcc/i686-w64-mingw32/4.9.2/crtbegin.o -L/usr/lib/gcc/i686-w64-mingw32/4.9.2 -L/usr/lib/gcc/i686-w64-mingw32/4.9.2/../../../../i686-w64-mingw32/lib/../lib -L/usr/i686-w64-mingw32/sys-root/mingw/lib/../lib -L/usr/lib/gcc/i686-w64-mingw32/4.9.2/../../../../i686-w64-mingw32/lib -L/usr/i686-w64-mingw32/sys-root/mingw/lib --whole-archive CMakeFiles/cmTC_d74cf.dir/objects.a --no-whole-archive --out-implib libcmTC_d74cf.dll.a --major-image-version 0 --minor-image-version 0 -lmingw32 -lgcc -lgcc_eh -lmoldname -lmingwex -lmsvcrt -ladvapi32 -lshell32 -luser32 -lkernel32 -lmingw32 -lgcc -lgcc_eh -lmoldname -lmingwex -lmsvcrt /usr/i686-w64-mingw32/sys-root/mingw/lib/../lib/default-manifest.o /usr/lib/gcc/i686-w64-mingw32/4.9.2/crtend.o
make[1]: Leaving directory '/cygdrive/c/Users/champ/Git/crows/opulence/CMakeFiles/CMakeTmp'


Parsed C implicit link information from above output:
  link line regex: [^( *|.*[/\])(ld\.exe|([^/\]+-)?ld|collect2)[^/\]*( |$)]
  ignore line: [Change Dir: C:/Users/champ/Git/crows/opulence/CMakeFiles/CMakeTmp]
  ignore line: []
  ignore line: [Run Build Command:"C:/cygwin/bin/make.exe" "cmTC_d74cf/fast"]
  ignore line: [/usr/bin/make -f CMakeFiles/cmTC_d74cf.dir/build.make CMakeFiles/cmTC_d74cf.dir/build]
  ignore line: [make[1]: Entering directory '/cygdrive/c/Users/champ/Git/crows/opulence/CMakeFiles/CMakeTmp']
  ignore line: [Building C object CMakeFiles/cmTC_d74cf.dir/CMakeCCompilerABI.c.obj]
  ignore line: [C:/cygwin/bin/i686-w64-mingw32-gcc.exe     -o CMakeFiles/cmTC_d74cf.dir/CMakeCCompilerABI.c.obj   -c "C:/Program Files (x86)/CMake/share/cmake-3.5/Modules/CMakeCCompilerABI.c"]
  ignore line: [Linking C executable cmTC_d74cf.exe]
  ignore line: ["C:/Program Files (x86)/CMake/bin/cmake.exe" -E remove -f CMakeFiles/cmTC_d74cf.dir/objects.a]
  ignore line: [C:/cygwin/bin/ar.exe cr CMakeFiles/cmTC_d74cf.dir/objects.a @CMakeFiles/cmTC_d74cf.dir/objects1.rsp]
  ignore line: [C:/cygwin/bin/i686-w64-mingw32-gcc.exe      -v -Wl,--whole-archive CMakeFiles/cmTC_d74cf.dir/objects.a -Wl,--no-whole-archive  -o cmTC_d74cf.exe -Wl,--out-implib,libcmTC_d74cf.dll.a -Wl,--major-image-version,0,--minor-image-version,0   ]
  ignore line: [Using built-in specs.]
  ignore line: [COLLECT_GCC=C:/cygwin/bin/i686-w64-mingw32-gcc]
  ignore line: [COLLECT_LTO_WRAPPER=/usr/lib/gcc/i686-w64-mingw32/4.9.2/lto-wrapper.exe]
  ignore line: [Target: i686-w64-mingw32]
  ignore line: [Configured with: /cygdrive/i/szsz/tmpp/cygwin64/mingw64-i686/mingw64-i686-gcc-4.9.2-2.i686/src/gcc-4.9.2/configure --srcdir=/cygdrive/i/szsz/tmpp/cygwin64/mingw64-i686/mingw64-i686-gcc-4.9.2-2.i686/src/gcc-4.9.2 --prefix=/usr --exec-prefix=/usr --localstatedir=/var --sysconfdir=/etc --docdir=/usr/share/doc/mingw64-i686-gcc --htmldir=/usr/share/doc/mingw64-i686-gcc/html -C --build=i686-pc-cygwin --host=i686-pc-cygwin --target=i686-w64-mingw32 --without-libiconv-prefix --without-libintl-prefix --with-sysroot=/usr/i686-w64-mingw32/sys-root --with-build-sysroot=/usr/i686-w64-mingw32/sys-root --disable-multilib --disable-win32-registry --enable-languages=c,ada,c++,fortran,lto,objc,obj-c++ --enable-fully-dynamic-string --enable-graphite --enable-libgomp --enable-libquadmath --enable-libquadmath-support --enable-libssp --enable-version-specific-runtime-libs --with-dwarf2 --with-gnu-ld --with-gnu-as --with-tune=generic --with-cloog-include=/usr/include/cloog-isl --with-system-zlib --libexecdir=/usr/lib]
  ignore line: [Thread model: win32]
  ignore line: [gcc version 4.9.2 (GCC) ]
  ignore line: [COMPILER_PATH=/usr/lib/gcc/i686-w64-mingw32/4.9.2/:/usr/lib/gcc/i686-w64-mingw32/4.9.2/:/usr/lib/gcc/i686-w64-mingw32/:/usr/lib/gcc/i686-w64-mingw32/4.9.2/:/usr/lib/gcc/i686-w64-mingw32/:/usr/lib/gcc/i686-w64-mingw32/4.9.2/../../../../i686-w64-mingw32/bin/]
  ignore line: [LIBRARY_PATH=/usr/lib/gcc/i686-w64-mingw32/4.9.2/:/usr/lib/gcc/i686-w64-mingw32/4.9.2/../../../../i686-w64-mingw32/lib/../lib/:/usr/i686-w64-mingw32/sys-root/mingw/lib/../lib/:/usr/lib/gcc/i686-w64-mingw32/4.9.2/../../../../i686-w64-mingw32/lib/:/usr/i686-w64-mingw32/sys-root/mingw/lib/]
  ignore line: [COLLECT_GCC_OPTIONS='-v' '-o' 'cmTC_d74cf.exe' '-mtune=generic' '-march=pentiumpro']
  link line: [ /usr/lib/gcc/i686-w64-mingw32/4.9.2/collect2.exe -plugin /usr/lib/gcc/i686-w64-mingw32/4.9.2/cyglto_plugin.dll -plugin-opt=/usr/lib/gcc/i686-w64-mingw32/4.9.2/lto-wrapper.exe -plugin-opt=-fresolution=/cygdrive/c/Users/champ/AppData/Local/Temp/ccG4w5k3.res -plugin-opt=-pass-through=-lmingw32 -plugin-opt=-pass-through=-lgcc -plugin-opt=-pass-through=-lgcc_eh -plugin-opt=-pass-through=-lmoldname -plugin-opt=-pass-through=-lmingwex -plugin-opt=-pass-through=-lmsvcrt -plugin-opt=-pass-through=-ladvapi32 -plugin-opt=-pass-through=-lshell32 -plugin-opt=-pass-through=-luser32 -plugin-opt=-pass-through=-lkernel32 -plugin-opt=-pass-through=-lmingw32 -plugin-opt=-pass-through=-lgcc -plugin-opt=-pass-through=-lgcc_eh -plugin-opt=-pass-through=-lmoldname -plugin-opt=-pass-through=-lmingwex -plugin-opt=-pass-through=-lmsvcrt --sysroot=/usr/i686-w64-mingw32/sys-root -m i386pe -Bdynamic -o cmTC_d74cf.exe /usr/i686-w64-mingw32/sys-root/mingw/lib/../lib/crt2.o /usr/lib/gcc/i686-w64-mingw32/4.9.2/crtbegin.o -L/usr/lib/gcc/i686-w64-mingw32/4.9.2 -L/usr/lib/gcc/i686-w64-mingw32/4.9.2/../../../../i686-w64-mingw32/lib/../lib -L/usr/i686-w64-mingw32/sys-root/mingw/lib/../lib -L/usr/lib/gcc/i686-w64-mingw32/4.9.2/../../../../i686-w64-mingw32/lib -L/usr/i686-w64-mingw32/sys-root/mingw/lib --whole-archive CMakeFiles/cmTC_d74cf.dir/objects.a --no-whole-archive --out-implib libcmTC_d74cf.dll.a --major-image-version 0 --minor-image-version 0 -lmingw32 -lgcc -lgcc_eh -lmoldname -lmingwex -lmsvcrt -ladvapi32 -lshell32 -luser32 -lkernel32 -lmingw32 -lgcc -lgcc_eh -lmoldname -lmingwex -lmsvcrt /usr/i686-w64-mingw32/sys-root/mingw/lib/../lib/default-manifest.o /usr/lib/gcc/i686-w64-mingw32/4.9.2/crtend.o]
    arg [/usr/lib/gcc/i686-w64-mingw32/4.9.2/collect2.exe] ==> ignore
    arg [-plugin] ==> ignore
    arg [/usr/lib/gcc/i686-w64-mingw32/4.9.2/cyglto_plugin.dll] ==> ignore
    arg [-plugin-opt=/usr/lib/gcc/i686-w64-mingw32/4.9.2/lto-wrapper.exe] ==> ignore
    arg [-plugin-opt=-fresolution=/cygdrive/c/Users/champ/AppData/Local/Temp/ccG4w5k3.res] ==> ignore
    arg [-plugin-opt=-pass-through=-lmingw32] ==> ignore
    arg [-plugin-opt=-pass-through=-lgcc] ==> ignore
    arg [-plugin-opt=-pass-through=-lgcc_eh] ==> ignore
    arg [-plugin-opt=-pass-through=-lmoldname] ==> ignore
    arg [-plugin-opt=-pass-through=-lmingwex] ==> ignore
    arg [-plugin-opt=-pass-through=-lmsvcrt] ==> ignore
    arg [-plugin-opt=-pass-through=-ladvapi32] ==> ignore
    arg [-plugin-opt=-pass-through=-lshell32] ==> ignore
    arg [-plugin-opt=-pass-through=-luser32] ==> ignore
    arg [-plugin-opt=-pass-through=-lkernel32] ==> ignore
    arg [-plugin-opt=-pass-through=-lmingw32] ==> ignore
    arg [-plugin-opt=-pass-through=-lgcc] ==> ignore
    arg [-plugin-opt=-pass-through=-lgcc_eh] ==> ignore
    arg [-plugin-opt=-pass-through=-lmoldname] ==> ignore
    arg [-plugin-opt=-pass-through=-lmingwex] ==> ignore
    arg [-plugin-opt=-pass-through=-lmsvcrt] ==> ignore
    arg [--sysroot=/usr/i686-w64-mingw32/sys-root] ==> ignore
    arg [-m] ==> ignore
    arg [i386pe] ==> ignore
    arg [-Bdynamic] ==> ignore
    arg [-o] ==> ignore
    arg [cmTC_d74cf.exe] ==> ignore
    arg [/usr/i686-w64-mingw32/sys-root/mingw/lib/../lib/crt2.o] ==> ignore
    arg [/usr/lib/gcc/i686-w64-mingw32/4.9.2/crtbegin.o] ==> ignore
    arg [-L/usr/lib/gcc/i686-w64-mingw32/4.9.2] ==> dir [/usr/lib/gcc/i686-w64-mingw32/4.9.2]
    arg [-L/usr/lib/gcc/i686-w64-mingw32/4.9.2/../../../../i686-w64-mingw32/lib/../lib] ==> dir [/usr/lib/gcc/i686-w64-mingw32/4.9.2/../../../../i686-w64-mingw32/lib/../lib]
    arg [-L/usr/i686-w64-mingw32/sys-root/mingw/lib/../lib] ==> dir [/usr/i686-w64-mingw32/sys-root/mingw/lib/../lib]
    arg [-L/usr/lib/gcc/i686-w64-mingw32/4.9.2/../../../../i686-w64-mingw32/lib] ==> dir [/usr/lib/gcc/i686-w64-mingw32/4.9.2/../../../../i686-w64-mingw32/lib]
    arg [-L/usr/i686-w64-mingw32/sys-root/mingw/lib] ==> dir [/usr/i686-w64-mingw32/sys-root/mingw/lib]
    arg [--whole-archive] ==> ignore
    arg [CMakeFiles/cmTC_d74cf.dir/objects.a] ==> ignore
    arg [--no-whole-archive] ==> ignore
    arg [--out-implib] ==> ignore
    arg [libcmTC_d74cf.dll.a] ==> ignore
    arg [--major-image-version] ==> ignore
    arg [0] ==> ignore
    arg [--minor-image-version] ==> ignore
    arg [0] ==> ignore
    arg [-lmingw32] ==> lib [mingw32]
    arg [-lgcc] ==> lib [gcc]
    arg [-lgcc_eh] ==> lib [gcc_eh]
    arg [-lmoldname] ==> lib [moldname]
    arg [-lmingwex] ==> lib [mingwex]
    arg [-lmsvcrt] ==> lib [msvcrt]
    arg [-ladvapi32] ==> lib [advapi32]
    arg [-lshell32] ==> lib [shell32]
    arg [-luser32] ==> lib [user32]
    arg [-lkernel32] ==> lib [kernel32]
    arg [-lmingw32] ==> lib [mingw32]
    arg [-lgcc] ==> lib [gcc]
    arg [-lgcc_eh] ==> lib [gcc_eh]
    arg [-lmoldname] ==> lib [moldname]
    arg [-lmingwex] ==> lib [mingwex]
    arg [-lmsvcrt] ==> lib [msvcrt]
    arg [/usr/i686-w64-mingw32/sys-root/mingw/lib/../lib/default-manifest.o] ==> ignore
    arg [/usr/lib/gcc/i686-w64-mingw32/4.9.2/crtend.o] ==> ignore
  remove lib [gcc]
  remove lib [gcc_eh]
  remove lib [gcc]
  remove lib [gcc_eh]
  collapse library dir [/usr/lib/gcc/i686-w64-mingw32/4.9.2] ==> [/usr/lib/gcc/i686-w64-mingw32/4.9.2]
  collapse library dir [/usr/lib/gcc/i686-w64-mingw32/4.9.2/../../../../i686-w64-mingw32/lib/../lib] ==> [/usr/i686-w64-mingw32/lib]
  collapse library dir [/usr/i686-w64-mingw32/sys-root/mingw/lib/../lib] ==> [/usr/i686-w64-mingw32/sys-root/mingw/lib]
  collapse library dir [/usr/lib/gcc/i686-w64-mingw32/4.9.2/../../../../i686-w64-mingw32/lib] ==> [/usr/i686-w64-mingw32/lib]
  collapse library dir [/usr/i686-w64-mingw32/sys-root/mingw/lib] ==> [/usr/i686-w64-mingw32/sys-root/mingw/lib]
  implicit libs: [mingw32;moldname;mingwex;msvcrt;advapi32;shell32;user32;kernel32;mingw32;moldname;mingwex;msvcrt]
  implicit dirs: [/usr/lib/gcc/i686-w64-mingw32/4.9.2;/usr/i686-w64-mingw32/lib;/usr/i686-w64-mingw32/sys-root/mingw/lib]
  implicit fwks: []




Detecting C [-std=c11] compiler features compiled with the following output:
Change Dir: C:/Users/champ/Git/crows/opulence/CMakeFiles/CMakeTmp

Run Build Command:"C:/cygwin/bin/make.exe" "cmTC_1d8ad/fast"
/usr/bin/make -f CMakeFiles/cmTC_1d8ad.dir/build.make CMakeFiles/cmTC_1d8ad.dir/build
make[1]: Entering directory '/cygdrive/c/Users/champ/Git/crows/opulence/CMakeFiles/CMakeTmp'
Building C object CMakeFiles/cmTC_1d8ad.dir/feature_tests.c.obj
C:/cygwin/bin/i686-w64-mingw32-gcc.exe    -std=c11 -o CMakeFiles/cmTC_1d8ad.dir/feature_tests.c.obj   -c C:/Users/champ/Git/crows/opulence/CMakeFiles/feature_tests.c
Linking C executable cmTC_1d8ad.exe
"C:/Program Files (x86)/CMake/bin/cmake.exe" -E remove -f CMakeFiles/cmTC_1d8ad.dir/objects.a
C:/cygwin/bin/ar.exe cr CMakeFiles/cmTC_1d8ad.dir/objects.a @CMakeFiles/cmTC_1d8ad.dir/objects1.rsp
C:/cygwin/bin/i686-w64-mingw32-gcc.exe       -Wl,--whole-archive CMakeFiles/cmTC_1d8ad.dir/objects.a -Wl,--no-whole-archive  -o cmTC_1d8ad.exe -Wl,--out-implib,libcmTC_1d8ad.dll.a -Wl,--major-image-version,0,--minor-image-version,0 @CMakeFiles/cmTC_1d8ad.dir/linklibs.rsp
make[1]: Leaving directory '/cygdrive/c/Users/champ/Git/crows/opulence/CMakeFiles/CMakeTmp'


    Feature record: C_FEATURE:1c_function_prototypes
    Feature record: C_FEATURE:1c_restrict
    Feature record: C_FEATURE:1c_static_assert
    Feature record: C_FEATURE:1c_variadic_macros


Detecting C [-std=c99] compiler features compiled with the following output:
Change Dir: C:/Users/champ/Git/crows/opulence/CMakeFiles/CMakeTmp

Run Build Command:"C:/cygwin/bin/make.exe" "cmTC_1169a/fast"
/usr/bin/make -f CMakeFiles/cmTC_1169a.dir/build.make CMakeFiles/cmTC_1169a.dir/build
make[1]: Entering directory '/cygdrive/c/Users/champ/Git/crows/opulence/CMakeFiles/CMakeTmp'
Building C object CMakeFiles/cmTC_1169a.dir/feature_tests.c.obj
C:/cygwin/bin/i686-w64-mingw32-gcc.exe    -std=c99 -o CMakeFiles/cmTC_1169a.dir/feature_tests.c.obj   -c C:/Users/champ/Git/crows/opulence/CMakeFiles/feature_tests.c
Linking C executable cmTC_1169a.exe
"C:/Program Files (x86)/CMake/bin/cmake.exe" -E remove -f CMakeFiles/cmTC_1169a.dir/objects.a
C:/cygwin/bin/ar.exe cr CMakeFiles/cmTC_1169a.dir/objects.a @CMakeFiles/cmTC_1169a.dir/objects1.rsp
C:/cygwin/bin/i686-w64-mingw32-gcc.exe       -Wl,--whole-archive CMakeFiles/cmTC_1169a.dir/objects.a -Wl,--no-whole-archive  -o cmTC_1169a.exe -Wl,--out-implib,libcmTC_1169a.dll.a -Wl,--major-image-version,0,--minor-image-version,0 @CMakeFiles/cmTC_1169a.dir/linklibs.rsp
make[1]: Leaving directory '/cygdrive/c/Users/champ/Git/crows/opulence/CMakeFiles/CMakeTmp'


    Feature record: C_FEATURE:1c_function_prototypes
    Feature record: C_FEATURE:1c_restrict
    Feature record: C_FEATURE:0c_static_assert
    Feature record: C_FEATURE:1c_variadic_macros


Detecting C [-std=c90] compiler features compiled with the following output:
Change Dir: C:/Users/champ/Git/crows/opulence/CMakeFiles/CMakeTmp

Run Build Command:"C:/cygwin/bin/make.exe" "cmTC_b6c8a/fast"
/usr/bin/make -f CMakeFiles/cmTC_b6c8a.dir/build.make CMakeFiles/cmTC_b6c8a.dir/build
make[1]: Entering directory '/cygdrive/c/Users/champ/Git/crows/opulence/CMakeFiles/CMakeTmp'
Building C object CMakeFiles/cmTC_b6c8a.dir/feature_tests.c.obj
C:/cygwin/bin/i686-w64-mingw32-gcc.exe    -std=c90 -o CMakeFiles/cmTC_b6c8a.dir/feature_tests.c.obj   -c C:/Users/champ/Git/crows/opulence/CMakeFiles/feature_tests.c
Linking C executable cmTC_b6c8a.exe
"C:/Program Files (x86)/CMake/bin/cmake.exe" -E remove -f CMakeFiles/cmTC_b6c8a.dir/objects.a
C:/cygwin/bin/ar.exe cr CMakeFiles/cmTC_b6c8a.dir/objects.a @CMakeFiles/cmTC_b6c8a.dir/objects1.rsp
C:/cygwin/bin/i686-w64-mingw32-gcc.exe       -Wl,--whole-archive CMakeFiles/cmTC_b6c8a.dir/objects.a -Wl,--no-whole-archive  -o cmTC_b6c8a.exe -Wl,--out-implib,libcmTC_b6c8a.dll.a -Wl,--major-image-version,0,--minor-image-version,0 @CMakeFiles/cmTC_b6c8a.dir/linklibs.rsp
make[1]: Leaving directory '/cygdrive/c/Users/champ/Git/crows/opulence/CMakeFiles/CMakeTmp'


    Feature record: C_FEATURE:1c_function_prototypes
    Feature record: C_FEATURE:0c_restrict
    Feature record: C_FEATURE:0c_static_assert
    Feature record: C_FEATURE:0c_variadic_macros
Determining if the CXX compiler works passed with the following output:
Change Dir: C:/Users/champ/Git/crows/opulence/CMakeFiles/CMakeTmp

Run Build Command:"C:/cygwin/bin/make.exe" "cmTC_e1625/fast"
/usr/bin/make -f CMakeFiles/cmTC_e1625.dir/build.make CMakeFiles/cmTC_e1625.dir/build
make[1]: Entering directory '/cygdrive/c/Users/champ/Git/crows/opulence/CMakeFiles/CMakeTmp'
Building CXX object CMakeFiles/cmTC_e1625.dir/testCXXCompiler.cxx.obj
C:/cygwin/bin/i686-w64-mingw32-g++.exe      -o CMakeFiles/cmTC_e1625.dir/testCXXCompiler.cxx.obj -c C:/Users/champ/Git/crows/opulence/CMakeFiles/CMakeTmp/testCXXCompiler.cxx
Linking CXX executable cmTC_e1625.exe
"C:/Program Files (x86)/CMake/bin/cmake.exe" -E remove -f CMakeFiles/cmTC_e1625.dir/objects.a
C:/cygwin/bin/ar.exe cr CMakeFiles/cmTC_e1625.dir/objects.a @CMakeFiles/cmTC_e1625.dir/objects1.rsp
C:/cygwin/bin/i686-w64-mingw32-g++.exe       -Wl,--whole-archive CMakeFiles/cmTC_e1625.dir/objects.a -Wl,--no-whole-archive  -o cmTC_e1625.exe -Wl,--out-implib,libcmTC_e1625.dll.a -Wl,--major-image-version,0,--minor-image-version,0 @CMakeFiles/cmTC_e1625.dir/linklibs.rsp
make[1]: Leaving directory '/cygdrive/c/Users/champ/Git/crows/opulence/CMakeFiles/CMakeTmp'


Detecting CXX compiler ABI info compiled with the following output:
Change Dir: C:/Users/champ/Git/crows/opulence/CMakeFiles/CMakeTmp

Run Build Command:"C:/cygwin/bin/make.exe" "cmTC_79ccb/fast"
/usr/bin/make -f CMakeFiles/cmTC_79ccb.dir/build.make CMakeFiles/cmTC_79ccb.dir/build
make[1]: Entering directory '/cygdrive/c/Users/champ/Git/crows/opulence/CMakeFiles/CMakeTmp'
Building CXX object CMakeFiles/cmTC_79ccb.dir/CMakeCXXCompilerABI.cpp.obj
C:/cygwin/bin/i686-w64-mingw32-g++.exe      -o CMakeFiles/cmTC_79ccb.dir/CMakeCXXCompilerABI.cpp.obj -c "C:/Program Files (x86)/CMake/share/cmake-3.5/Modules/CMakeCXXCompilerABI.cpp"
Linking CXX executable cmTC_79ccb.exe
"C:/Program Files (x86)/CMake/bin/cmake.exe" -E remove -f CMakeFiles/cmTC_79ccb.dir/objects.a
C:/cygwin/bin/ar.exe cr CMakeFiles/cmTC_79ccb.dir/objects.a @CMakeFiles/cmTC_79ccb.dir/objects1.rsp
C:/cygwin/bin/i686-w64-mingw32-g++.exe      -v -Wl,--whole-archive CMakeFiles/cmTC_79ccb.dir/objects.a -Wl,--no-whole-archive  -o cmTC_79ccb.exe -Wl,--out-implib,libcmTC_79ccb.dll.a -Wl,--major-image-version,0,--minor-image-version,0   
Using built-in specs.
COLLECT_GCC=C:/cygwin/bin/i686-w64-mingw32-g++
COLLECT_LTO_WRAPPER=/usr/lib/gcc/i686-w64-mingw32/4.9.2/lto-wrapper.exe
Target: i686-w64-mingw32
Configured with: /cygdrive/i/szsz/tmpp/cygwin64/mingw64-i686/mingw64-i686-gcc-4.9.2-2.i686/src/gcc-4.9.2/configure --srcdir=/cygdrive/i/szsz/tmpp/cygwin64/mingw64-i686/mingw64-i686-gcc-4.9.2-2.i686/src/gcc-4.9.2 --prefix=/usr --exec-prefix=/usr --localstatedir=/var --sysconfdir=/etc --docdir=/usr/share/doc/mingw64-i686-gcc --htmldir=/usr/share/doc/mingw64-i686-gcc/html -C --build=i686-pc-cygwin --host=i686-pc-cygwin --target=i686-w64-mingw32 --without-libiconv-prefix --without-libintl-prefix --with-sysroot=/usr/i686-w64-mingw32/sys-root --with-build-sysroot=/usr/i686-w64-mingw32/sys-root --disable-multilib --disable-win32-registry --enable-languages=c,ada,c++,fortran,lto,objc,obj-c++ --enable-fully-dynamic-string --enable-graphite --enable-libgomp --enable-libquadmath --enable-libquadmath-support --enable-libssp --enable-version-specific-runtime-libs --with-dwarf2 --with-gnu-ld --with-gnu-as --with-tune=generic --with-cloog-include=/usr/include/cloog-isl --with-system-zlib --libexecdir=/usr/lib
Thread model: win32
gcc version 4.9.2 (GCC) 
COMPILER_PATH=/usr/lib/gcc/i686-w64-mingw32/4.9.2/:/usr/lib/gcc/i686-w64-mingw32/4.9.2/:/usr/lib/gcc/i686-w64-mingw32/:/usr/lib/gcc/i686-w64-mingw32/4.9.2/:/usr/lib/gcc/i686-w64-mingw32/:/usr/lib/gcc/i686-w64-mingw32/4.9.2/../../../../i686-w64-mingw32/bin/
LIBRARY_PATH=/usr/lib/gcc/i686-w64-mingw32/4.9.2/:/usr/lib/gcc/i686-w64-mingw32/4.9.2/../../../../i686-w64-mingw32/lib/../lib/:/usr/i686-w64-mingw32/sys-root/mingw/lib/../lib/:/usr/lib/gcc/i686-w64-mingw32/4.9.2/../../../../i686-w64-mingw32/lib/:/usr/i686-w64-mingw32/sys-root/mingw/lib/
COLLECT_GCC_OPTIONS='-v' '-o' 'cmTC_79ccb.exe' '-shared-libgcc' '-mtune=generic' '-march=pentiumpro'
 /usr/lib/gcc/i686-w64-mingw32/4.9.2/collect2.exe -plugin /usr/lib/gcc/i686-w64-mingw32/4.9.2/cyglto_plugin.dll -plugin-opt=/usr/lib/gcc/i686-w64-mingw32/4.9.2/lto-wrapper.exe -plugin-opt=-fresolution=/cygdrive/c/Users/champ/AppData/Local/Temp/ccqtu0FH.res -plugin-opt=-pass-through=-lmingw32 -plugin-opt=-pass-through=-lgcc_s -plugin-opt=-pass-through=-lgcc -plugin-opt=-pass-through=-lmoldname -plugin-opt=-pass-through=-lmingwex -plugin-opt=-pass-through=-lmsvcrt -plugin-opt=-pass-through=-ladvapi32 -plugin-opt=-pass-through=-lshell32 -plugin-opt=-pass-through=-luser32 -plugin-opt=-pass-through=-lkernel32 -plugin-opt=-pass-through=-lmingw32 -plugin-opt=-pass-through=-lgcc_s -plugin-opt=-pass-through=-lgcc -plugin-opt=-pass-through=-lmoldname -plugin-opt=-pass-through=-lmingwex -plugin-opt=-pass-through=-lmsvcrt --sysroot=/usr/i686-w64-mingw32/sys-root -m i386pe -Bdynamic -o cmTC_79ccb.exe /usr/i686-w64-mingw32/sys-root/mingw/lib/../lib/crt2.o /usr/lib/gcc/i686-w64-mingw32/4.9.2/crtbegin.o -L/usr/lib/gcc/i686-w64-mingw32/4.9.2 -L/usr/lib/gcc/i686-w64-mingw32/4.9.2/../../../../i686-w64-mingw32/lib/../lib -L/usr/i686-w64-mingw32/sys-root/mingw/lib/../lib -L/usr/lib/gcc/i686-w64-mingw32/4.9.2/../../../../i686-w64-mingw32/lib -L/usr/i686-w64-mingw32/sys-root/mingw/lib --whole-archive CMakeFiles/cmTC_79ccb.dir/objects.a --no-whole-archive --out-implib libcmTC_79ccb.dll.a --major-image-version 0 --minor-image-version 0 -lstdc++ -lmingw32 -lgcc_s -lgcc -lmoldname -lmingwex -lmsvcrt -ladvapi32 -lshell32 -luser32 -lkernel32 -lmingw32 -lgcc_s -lgcc -lmoldname -lmingwex -lmsvcrt /usr/i686-w64-mingw32/sys-root/mingw/lib/../lib/default-manifest.o /usr/lib/gcc/i686-w64-mingw32/4.9.2/crtend.o
make[1]: Leaving directory '/cygdrive/c/Users/champ/Git/crows/opulence/CMakeFiles/CMakeTmp'


Parsed CXX implicit link information from above output:
  link line regex: [^( *|.*[/\])(ld\.exe|([^/\]+-)?ld|collect2)[^/\]*( |$)]
  ignore line: [Change Dir: C:/Users/champ/Git/crows/opulence/CMakeFiles/CMakeTmp]
  ignore line: []
  ignore line: [Run Build Command:"C:/cygwin/bin/make.exe" "cmTC_79ccb/fast"]
  ignore line: [/usr/bin/make -f CMakeFiles/cmTC_79ccb.dir/build.make CMakeFiles/cmTC_79ccb.dir/build]
  ignore line: [make[1]: Entering directory '/cygdrive/c/Users/champ/Git/crows/opulence/CMakeFiles/CMakeTmp']
  ignore line: [Building CXX object CMakeFiles/cmTC_79ccb.dir/CMakeCXXCompilerABI.cpp.obj]
  ignore line: [C:/cygwin/bin/i686-w64-mingw32-g++.exe      -o CMakeFiles/cmTC_79ccb.dir/CMakeCXXCompilerABI.cpp.obj -c "C:/Program Files (x86)/CMake/share/cmake-3.5/Modules/CMakeCXXCompilerABI.cpp"]
  ignore line: [Linking CXX executable cmTC_79ccb.exe]
  ignore line: ["C:/Program Files (x86)/CMake/bin/cmake.exe" -E remove -f CMakeFiles/cmTC_79ccb.dir/objects.a]
  ignore line: [C:/cygwin/bin/ar.exe cr CMakeFiles/cmTC_79ccb.dir/objects.a @CMakeFiles/cmTC_79ccb.dir/objects1.rsp]
  ignore line: [C:/cygwin/bin/i686-w64-mingw32-g++.exe      -v -Wl,--whole-archive CMakeFiles/cmTC_79ccb.dir/objects.a -Wl,--no-whole-archive  -o cmTC_79ccb.exe -Wl,--out-implib,libcmTC_79ccb.dll.a -Wl,--major-image-version,0,--minor-image-version,0   ]
  ignore line: [Using built-in specs.]
  ignore line: [COLLECT_GCC=C:/cygwin/bin/i686-w64-mingw32-g++]
  ignore line: [COLLECT_LTO_WRAPPER=/usr/lib/gcc/i686-w64-mingw32/4.9.2/lto-wrapper.exe]
  ignore line: [Target: i686-w64-mingw32]
  ignore line: [Configured with: /cygdrive/i/szsz/tmpp/cygwin64/mingw64-i686/mingw64-i686-gcc-4.9.2-2.i686/src/gcc-4.9.2/configure --srcdir=/cygdrive/i/szsz/tmpp/cygwin64/mingw64-i686/mingw64-i686-gcc-4.9.2-2.i686/src/gcc-4.9.2 --prefix=/usr --exec-prefix=/usr --localstatedir=/var --sysconfdir=/etc --docdir=/usr/share/doc/mingw64-i686-gcc --htmldir=/usr/share/doc/mingw64-i686-gcc/html -C --build=i686-pc-cygwin --host=i686-pc-cygwin --target=i686-w64-mingw32 --without-libiconv-prefix --without-libintl-prefix --with-sysroot=/usr/i686-w64-mingw32/sys-root --with-build-sysroot=/usr/i686-w64-mingw32/sys-root --disable-multilib --disable-win32-registry --enable-languages=c,ada,c++,fortran,lto,objc,obj-c++ --enable-fully-dynamic-string --enable-graphite --enable-libgomp --enable-libquadmath --enable-libquadmath-support --enable-libssp --enable-version-specific-runtime-libs --with-dwarf2 --with-gnu-ld --with-gnu-as --with-tune=generic --with-cloog-include=/usr/include/cloog-isl --with-system-zlib --libexecdir=/usr/lib]
  ignore line: [Thread model: win32]
  ignore line: [gcc version 4.9.2 (GCC) ]
  ignore line: [COMPILER_PATH=/usr/lib/gcc/i686-w64-mingw32/4.9.2/:/usr/lib/gcc/i686-w64-mingw32/4.9.2/:/usr/lib/gcc/i686-w64-mingw32/:/usr/lib/gcc/i686-w64-mingw32/4.9.2/:/usr/lib/gcc/i686-w64-mingw32/:/usr/lib/gcc/i686-w64-mingw32/4.9.2/../../../../i686-w64-mingw32/bin/]
  ignore line: [LIBRARY_PATH=/usr/lib/gcc/i686-w64-mingw32/4.9.2/:/usr/lib/gcc/i686-w64-mingw32/4.9.2/../../../../i686-w64-mingw32/lib/../lib/:/usr/i686-w64-mingw32/sys-root/mingw/lib/../lib/:/usr/lib/gcc/i686-w64-mingw32/4.9.2/../../../../i686-w64-mingw32/lib/:/usr/i686-w64-mingw32/sys-root/mingw/lib/]
  ignore line: [COLLECT_GCC_OPTIONS='-v' '-o' 'cmTC_79ccb.exe' '-shared-libgcc' '-mtune=generic' '-march=pentiumpro']
  link line: [ /usr/lib/gcc/i686-w64-mingw32/4.9.2/collect2.exe -plugin /usr/lib/gcc/i686-w64-mingw32/4.9.2/cyglto_plugin.dll -plugin-opt=/usr/lib/gcc/i686-w64-mingw32/4.9.2/lto-wrapper.exe -plugin-opt=-fresolution=/cygdrive/c/Users/champ/AppData/Local/Temp/ccqtu0FH.res -plugin-opt=-pass-through=-lmingw32 -plugin-opt=-pass-through=-lgcc_s -plugin-opt=-pass-through=-lgcc -plugin-opt=-pass-through=-lmoldname -plugin-opt=-pass-through=-lmingwex -plugin-opt=-pass-through=-lmsvcrt -plugin-opt=-pass-through=-ladvapi32 -plugin-opt=-pass-through=-lshell32 -plugin-opt=-pass-through=-luser32 -plugin-opt=-pass-through=-lkernel32 -plugin-opt=-pass-through=-lmingw32 -plugin-opt=-pass-through=-lgcc_s -plugin-opt=-pass-through=-lgcc -plugin-opt=-pass-through=-lmoldname -plugin-opt=-pass-through=-lmingwex -plugin-opt=-pass-through=-lmsvcrt --sysroot=/usr/i686-w64-mingw32/sys-root -m i386pe -Bdynamic -o cmTC_79ccb.exe /usr/i686-w64-mingw32/sys-root/mingw/lib/../lib/crt2.o /usr/lib/gcc/i686-w64-mingw32/4.9.2/crtbegin.o -L/usr/lib/gcc/i686-w64-mingw32/4.9.2 -L/usr/lib/gcc/i686-w64-mingw32/4.9.2/../../../../i686-w64-mingw32/lib/../lib -L/usr/i686-w64-mingw32/sys-root/mingw/lib/../lib -L/usr/lib/gcc/i686-w64-mingw32/4.9.2/../../../../i686-w64-mingw32/lib -L/usr/i686-w64-mingw32/sys-root/mingw/lib --whole-archive CMakeFiles/cmTC_79ccb.dir/objects.a --no-whole-archive --out-implib libcmTC_79ccb.dll.a --major-image-version 0 --minor-image-version 0 -lstdc++ -lmingw32 -lgcc_s -lgcc -lmoldname -lmingwex -lmsvcrt -ladvapi32 -lshell32 -luser32 -lkernel32 -lmingw32 -lgcc_s -lgcc -lmoldname -lmingwex -lmsvcrt /usr/i686-w64-mingw32/sys-root/mingw/lib/../lib/default-manifest.o /usr/lib/gcc/i686-w64-mingw32/4.9.2/crtend.o]
    arg [/usr/lib/gcc/i686-w64-mingw32/4.9.2/collect2.exe] ==> ignore
    arg [-plugin] ==> ignore
    arg [/usr/lib/gcc/i686-w64-mingw32/4.9.2/cyglto_plugin.dll] ==> ignore
    arg [-plugin-opt=/usr/lib/gcc/i686-w64-mingw32/4.9.2/lto-wrapper.exe] ==> ignore
    arg [-plugin-opt=-fresolution=/cygdrive/c/Users/champ/AppData/Local/Temp/ccqtu0FH.res] ==> ignore
    arg [-plugin-opt=-pass-through=-lmingw32] ==> ignore
    arg [-plugin-opt=-pass-through=-lgcc_s] ==> ignore
    arg [-plugin-opt=-pass-through=-lgcc] ==> ignore
    arg [-plugin-opt=-pass-through=-lmoldname] ==> ignore
    arg [-plugin-opt=-pass-through=-lmingwex] ==> ignore
    arg [-plugin-opt=-pass-through=-lmsvcrt] ==> ignore
    arg [-plugin-opt=-pass-through=-ladvapi32] ==> ignore
    arg [-plugin-opt=-pass-through=-lshell32] ==> ignore
    arg [-plugin-opt=-pass-through=-luser32] ==> ignore
    arg [-plugin-opt=-pass-through=-lkernel32] ==> ignore
    arg [-plugin-opt=-pass-through=-lmingw32] ==> ignore
    arg [-plugin-opt=-pass-through=-lgcc_s] ==> ignore
    arg [-plugin-opt=-pass-through=-lgcc] ==> ignore
    arg [-plugin-opt=-pass-through=-lmoldname] ==> ignore
    arg [-plugin-opt=-pass-through=-lmingwex] ==> ignore
    arg [-plugin-opt=-pass-through=-lmsvcrt] ==> ignore
    arg [--sysroot=/usr/i686-w64-mingw32/sys-root] ==> ignore
    arg [-m] ==> ignore
    arg [i386pe] ==> ignore
    arg [-Bdynamic] ==> ignore
    arg [-o] ==> ignore
    arg [cmTC_79ccb.exe] ==> ignore
    arg [/usr/i686-w64-mingw32/sys-root/mingw/lib/../lib/crt2.o] ==> ignore
    arg [/usr/lib/gcc/i686-w64-mingw32/4.9.2/crtbegin.o] ==> ignore
    arg [-L/usr/lib/gcc/i686-w64-mingw32/4.9.2] ==> dir [/usr/lib/gcc/i686-w64-mingw32/4.9.2]
    arg [-L/usr/lib/gcc/i686-w64-mingw32/4.9.2/../../../../i686-w64-mingw32/lib/../lib] ==> dir [/usr/lib/gcc/i686-w64-mingw32/4.9.2/../../../../i686-w64-mingw32/lib/../lib]
    arg [-L/usr/i686-w64-mingw32/sys-root/mingw/lib/../lib] ==> dir [/usr/i686-w64-mingw32/sys-root/mingw/lib/../lib]
    arg [-L/usr/lib/gcc/i686-w64-mingw32/4.9.2/../../../../i686-w64-mingw32/lib] ==> dir [/usr/lib/gcc/i686-w64-mingw32/4.9.2/../../../../i686-w64-mingw32/lib]
    arg [-L/usr/i686-w64-mingw32/sys-root/mingw/lib] ==> dir [/usr/i686-w64-mingw32/sys-root/mingw/lib]
    arg [--whole-archive] ==> ignore
    arg [CMakeFiles/cmTC_79ccb.dir/objects.a] ==> ignore
    arg [--no-whole-archive] ==> ignore
    arg [--out-implib] ==> ignore
    arg [libcmTC_79ccb.dll.a] ==> ignore
    arg [--major-image-version] ==> ignore
    arg [0] ==> ignore
    arg [--minor-image-version] ==> ignore
    arg [0] ==> ignore
    arg [-lstdc++] ==> lib [stdc++]
    arg [-lmingw32] ==> lib [mingw32]
    arg [-lgcc_s] ==> lib [gcc_s]
    arg [-lgcc] ==> lib [gcc]
    arg [-lmoldname] ==> lib [moldname]
    arg [-lmingwex] ==> lib [mingwex]
    arg [-lmsvcrt] ==> lib [msvcrt]
    arg [-ladvapi32] ==> lib [advapi32]
    arg [-lshell32] ==> lib [shell32]
    arg [-luser32] ==> lib [user32]
    arg [-lkernel32] ==> lib [kernel32]
    arg [-lmingw32] ==> lib [mingw32]
    arg [-lgcc_s] ==> lib [gcc_s]
    arg [-lgcc] ==> lib [gcc]
    arg [-lmoldname] ==> lib [moldname]
    arg [-lmingwex] ==> lib [mingwex]
    arg [-lmsvcrt] ==> lib [msvcrt]
    arg [/usr/i686-w64-mingw32/sys-root/mingw/lib/../lib/default-manifest.o] ==> ignore
    arg [/usr/lib/gcc/i686-w64-mingw32/4.9.2/crtend.o] ==> ignore
  remove lib [gcc_s]
  remove lib [gcc]
  remove lib [gcc_s]
  remove lib [gcc]
  collapse library dir [/usr/lib/gcc/i686-w64-mingw32/4.9.2] ==> [/usr/lib/gcc/i686-w64-mingw32/4.9.2]
  collapse library dir [/usr/lib/gcc/i686-w64-mingw32/4.9.2/../../../../i686-w64-mingw32/lib/../lib] ==> [/usr/i686-w64-mingw32/lib]
  collapse library dir [/usr/i686-w64-mingw32/sys-root/mingw/lib/../lib] ==> [/usr/i686-w64-mingw32/sys-root/mingw/lib]
  collapse library dir [/usr/lib/gcc/i686-w64-mingw32/4.9.2/../../../../i686-w64-mingw32/lib] ==> [/usr/i686-w64-mingw32/lib]
  collapse library dir [/usr/i686-w64-mingw32/sys-root/mingw/lib] ==> [/usr/i686-w64-mingw32/sys-root/mingw/lib]
  implicit libs: [stdc++;mingw32;moldname;mingwex;msvcrt;advapi32;shell32;user32;kernel32;mingw32;moldname;mingwex;msvcrt]
  implicit dirs: [/usr/lib/gcc/i686-w64-mingw32/4.9.2;/usr/i686-w64-mingw32/lib;/usr/i686-w64-mingw32/sys-root/mingw/lib]
  implicit fwks: []




Detecting CXX [-std=c++14] compiler features compiled with the following output:
Change Dir: C:/Users/champ/Git/crows/opulence/CMakeFiles/CMakeTmp

Run Build Command:"C:/cygwin/bin/make.exe" "cmTC_09130/fast"
/usr/bin/make -f CMakeFiles/cmTC_09130.dir/build.make CMakeFiles/cmTC_09130.dir/build
make[1]: Entering directory '/cygdrive/c/Users/champ/Git/crows/opulence/CMakeFiles/CMakeTmp'
Building CXX object CMakeFiles/cmTC_09130.dir/feature_tests.cxx.obj
C:/cygwin/bin/i686-w64-mingw32-g++.exe     -std=c++14 -o CMakeFiles/cmTC_09130.dir/feature_tests.cxx.obj -c C:/Users/champ/Git/crows/opulence/CMakeFiles/feature_tests.cxx
Linking CXX executable cmTC_09130.exe
"C:/Program Files (x86)/CMake/bin/cmake.exe" -E remove -f CMakeFiles/cmTC_09130.dir/objects.a
C:/cygwin/bin/ar.exe cr CMakeFiles/cmTC_09130.dir/objects.a @CMakeFiles/cmTC_09130.dir/objects1.rsp
C:/cygwin/bin/i686-w64-mingw32-g++.exe       -Wl,--whole-archive CMakeFiles/cmTC_09130.dir/objects.a -Wl,--no-whole-archive  -o cmTC_09130.exe -Wl,--out-implib,libcmTC_09130.dll.a -Wl,--major-image-version,0,--minor-image-version,0 @CMakeFiles/cmTC_09130.dir/linklibs.rsp
make[1]: Leaving directory '/cygdrive/c/Users/champ/Git/crows/opulence/CMakeFiles/CMakeTmp'


    Feature record: CXX_FEATURE:0cxx_aggregate_default_initializers
    Feature record: CXX_FEATURE:1cxx_alias_templates
    Feature record: CXX_FEATURE:1cxx_alignas
    Feature record: CXX_FEATURE:1cxx_alignof
    Feature record: CXX_FEATURE:1cxx_attributes
    Feature record: CXX_FEATURE:1cxx_attribute_deprecated
    Feature record: CXX_FEATURE:1cxx_auto_type
    Feature record: CXX_FEATURE:1cxx_binary_literals
    Feature record: CXX_FEATURE:1cxx_constexpr
    Feature record: CXX_FEATURE:1cxx_contextual_conversions
    Feature record: CXX_FEATURE:1cxx_decltype
    Feature record: CXX_FEATURE:1cxx_decltype_auto
    Feature record: CXX_FEATURE:1cxx_decltype_incomplete_return_types
    Feature record: CXX_FEATURE:1cxx_default_function_template_args
    Feature record: CXX_FEATURE:1cxx_defaulted_functions
    Feature record: CXX_FEATURE:1cxx_defaulted_move_initializers
    Feature record: CXX_FEATURE:1cxx_delegating_constructors
    Feature record: CXX_FEATURE:1cxx_deleted_functions
    Feature record: CXX_FEATURE:1cxx_digit_separators
    Feature record: CXX_FEATURE:1cxx_enum_forward_declarations
    Feature record: CXX_FEATURE:1cxx_explicit_conversions
    Feature record: CXX_FEATURE:1cxx_extended_friend_declarations
    Feature record: CXX_FEATURE:1cxx_extern_templates
    Feature record: CXX_FEATURE:1cxx_final
    Feature record: CXX_FEATURE:1cxx_func_identifier
    Feature record: CXX_FEATURE:1cxx_generalized_initializers
    Feature record: CXX_FEATURE:1cxx_generic_lambdas
    Feature record: CXX_FEATURE:1cxx_inheriting_constructors
    Feature record: CXX_FEATURE:1cxx_inline_namespaces
    Feature record: CXX_FEATURE:1cxx_lambdas
    Feature record: CXX_FEATURE:1cxx_lambda_init_captures
    Feature record: CXX_FEATURE:1cxx_local_type_template_args
    Feature record: CXX_FEATURE:1cxx_long_long_type
    Feature record: CXX_FEATURE:1cxx_noexcept
    Feature record: CXX_FEATURE:1cxx_nonstatic_member_init
    Feature record: CXX_FEATURE:1cxx_nullptr
    Feature record: CXX_FEATURE:1cxx_override
    Feature record: CXX_FEATURE:1cxx_range_for
    Feature record: CXX_FEATURE:1cxx_raw_string_literals
    Feature record: CXX_FEATURE:1cxx_reference_qualified_functions
    Feature record: CXX_FEATURE:0cxx_relaxed_constexpr
    Feature record: CXX_FEATURE:1cxx_return_type_deduction
    Feature record: CXX_FEATURE:1cxx_right_angle_brackets
    Feature record: CXX_FEATURE:1cxx_rvalue_references
    Feature record: CXX_FEATURE:1cxx_sizeof_member
    Feature record: CXX_FEATURE:1cxx_static_assert
    Feature record: CXX_FEATURE:1cxx_strong_enums
    Feature record: CXX_FEATURE:1cxx_template_template_parameters
    Feature record: CXX_FEATURE:1cxx_thread_local
    Feature record: CXX_FEATURE:1cxx_trailing_return_types
    Feature record: CXX_FEATURE:1cxx_unicode_literals
    Feature record: CXX_FEATURE:1cxx_uniform_initialization
    Feature record: CXX_FEATURE:1cxx_unrestricted_unions
    Feature record: CXX_FEATURE:1cxx_user_literals
    Feature record: CXX_FEATURE:0cxx_variable_templates
    Feature record: CXX_FEATURE:1cxx_variadic_macros
    Feature record: CXX_FEATURE:1cxx_variadic_templates


Detecting CXX [-std=c++11] compiler features compiled with the following output:
Change Dir: C:/Users/champ/Git/crows/opulence/CMakeFiles/CMakeTmp

Run Build Command:"C:/cygwin/bin/make.exe" "cmTC_0138f/fast"
/usr/bin/make -f CMakeFiles/cmTC_0138f.dir/build.make CMakeFiles/cmTC_0138f.dir/build
make[1]: Entering directory '/cygdrive/c/Users/champ/Git/crows/opulence/CMakeFiles/CMakeTmp'
Building CXX object CMakeFiles/cmTC_0138f.dir/feature_tests.cxx.obj
C:/cygwin/bin/i686-w64-mingw32-g++.exe     -std=c++11 -o CMakeFiles/cmTC_0138f.dir/feature_tests.cxx.obj -c C:/Users/champ/Git/crows/opulence/CMakeFiles/feature_tests.cxx
Linking CXX executable cmTC_0138f.exe
"C:/Program Files (x86)/CMake/bin/cmake.exe" -E remove -f CMakeFiles/cmTC_0138f.dir/objects.a
C:/cygwin/bin/ar.exe cr CMakeFiles/cmTC_0138f.dir/objects.a @CMakeFiles/cmTC_0138f.dir/objects1.rsp
C:/cygwin/bin/i686-w64-mingw32-g++.exe       -Wl,--whole-archive CMakeFiles/cmTC_0138f.dir/objects.a -Wl,--no-whole-archive  -o cmTC_0138f.exe -Wl,--out-implib,libcmTC_0138f.dll.a -Wl,--major-image-version,0,--minor-image-version,0 @CMakeFiles/cmTC_0138f.dir/linklibs.rsp
make[1]: Leaving directory '/cygdrive/c/Users/champ/Git/crows/opulence/CMakeFiles/CMakeTmp'


    Feature record: CXX_FEATURE:0cxx_aggregate_default_initializers
    Feature record: CXX_FEATURE:1cxx_alias_templates
    Feature record: CXX_FEATURE:1cxx_alignas
    Feature record: CXX_FEATURE:1cxx_alignof
    Feature record: CXX_FEATURE:1cxx_attributes
    Feature record: CXX_FEATURE:0cxx_attribute_deprecated
    Feature record: CXX_FEATURE:1cxx_auto_type
    Feature record: CXX_FEATURE:0cxx_binary_literals
    Feature record: CXX_FEATURE:1cxx_constexpr
    Feature record: CXX_FEATURE:0cxx_contextual_conversions
    Feature record: CXX_FEATURE:1cxx_decltype
    Feature record: CXX_FEATURE:0cxx_decltype_auto
    Feature record: CXX_FEATURE:1cxx_decltype_incomplete_return_types
    Feature record: CXX_FEATURE:1cxx_default_function_template_args
    Feature record: CXX_FEATURE:1cxx_defaulted_functions
    Feature record: CXX_FEATURE:1cxx_defaulted_move_initializers
    Feature record: CXX_FEATURE:1cxx_delegating_constructors
    Feature record: CXX_FEATURE:1cxx_deleted_functions
    Feature record: CXX_FEATURE:0cxx_digit_separators
    Feature record: CXX_FEATURE:1cxx_enum_forward_declarations
    Feature record: CXX_FEATURE:1cxx_explicit_conversions
    Feature record: CXX_FEATURE:1cxx_extended_friend_declarations
    Feature record: CXX_FEATURE:1cxx_extern_templates
    Feature record: CXX_FEATURE:1cxx_final
    Feature record: CXX_FEATURE:1cxx_func_identifier
    Feature record: CXX_FEATURE:1cxx_generalized_initializers
    Feature record: CXX_FEATURE:0cxx_generic_lambdas
    Feature record: CXX_FEATURE:1cxx_inheriting_constructors
    Feature record: CXX_FEATURE:1cxx_inline_namespaces
    Feature record: CXX_FEATURE:1cxx_lambdas
    Feature record: CXX_FEATURE:0cxx_lambda_init_captures
    Feature record: CXX_FEATURE:1cxx_local_type_template_args
    Feature record: CXX_FEATURE:1cxx_long_long_type
    Feature record: CXX_FEATURE:1cxx_noexcept
    Feature record: CXX_FEATURE:1cxx_nonstatic_member_init
    Feature record: CXX_FEATURE:1cxx_nullptr
    Feature record: CXX_FEATURE:1cxx_override
    Feature record: CXX_FEATURE:1cxx_range_for
    Feature record: CXX_FEATURE:1cxx_raw_string_literals
    Feature record: CXX_FEATURE:1cxx_reference_qualified_functions
    Feature record: CXX_FEATURE:0cxx_relaxed_constexpr
    Feature record: CXX_FEATURE:0cxx_return_type_deduction
    Feature record: CXX_FEATURE:1cxx_right_angle_brackets
    Feature record: CXX_FEATURE:1cxx_rvalue_references
    Feature record: CXX_FEATURE:1cxx_sizeof_member
    Feature record: CXX_FEATURE:1cxx_static_assert
    Feature record: CXX_FEATURE:1cxx_strong_enums
    Feature record: CXX_FEATURE:1cxx_template_template_parameters
    Feature record: CXX_FEATURE:1cxx_thread_local
    Feature record: CXX_FEATURE:1cxx_trailing_return_types
    Feature record: CXX_FEATURE:1cxx_unicode_literals
    Feature record: CXX_FEATURE:1cxx_uniform_initialization
    Feature record: CXX_FEATURE:1cxx_unrestricted_unions
    Feature record: CXX_FEATURE:1cxx_user_literals
    Feature record: CXX_FEATURE:0cxx_variable_templates
    Feature record: CXX_FEATURE:1cxx_variadic_macros
    Feature record: CXX_FEATURE:1cxx_variadic_templates


Detecting CXX [-std=c++98] compiler features compiled with the following output:
Change Dir: C:/Users/champ/Git/crows/opulence/CMakeFiles/CMakeTmp

Run Build Command:"C:/cygwin/bin/make.exe" "cmTC_3fc44/fast"
/usr/bin/make -f CMakeFiles/cmTC_3fc44.dir/build.make CMakeFiles/cmTC_3fc44.dir/build
make[1]: Entering directory '/cygdrive/c/Users/champ/Git/crows/opulence/CMakeFiles/CMakeTmp'
Building CXX object CMakeFiles/cmTC_3fc44.dir/feature_tests.cxx.obj
C:/cygwin/bin/i686-w64-mingw32-g++.exe     -std=c++98 -o CMakeFiles/cmTC_3fc44.dir/feature_tests.cxx.obj -c C:/Users/champ/Git/crows/opulence/CMakeFiles/feature_tests.cxx
Linking CXX executable cmTC_3fc44.exe
"C:/Program Files (x86)/CMake/bin/cmake.exe" -E remove -f CMakeFiles/cmTC_3fc44.dir/objects.a
C:/cygwin/bin/ar.exe cr CMakeFiles/cmTC_3fc44.dir/objects.a @CMakeFiles/cmTC_3fc44.dir/objects1.rsp
C:/cygwin/bin/i686-w64-mingw32-g++.exe       -Wl,--whole-archive CMakeFiles/cmTC_3fc44.dir/objects.a -Wl,--no-whole-archive  -o cmTC_3fc44.exe -Wl,--out-implib,libcmTC_3fc44.dll.a -Wl,--major-image-version,0,--minor-image-version,0 @CMakeFiles/cmTC_3fc44.dir/linklibs.rsp
make[1]: Leaving directory '/cygdrive/c/Users/champ/Git/crows/opulence/CMakeFiles/CMakeTmp'


    Feature record: CXX_FEATURE:0cxx_aggregate_default_initializers
    Feature record: CXX_FEATURE:0cxx_alias_templates
    Feature record: CXX_FEATURE:0cxx_alignas
    Feature record: CXX_FEATURE:0cxx_alignof
    Feature record: CXX_FEATURE:0cxx_attributes
    Feature record: CXX_FEATURE:0cxx_attribute_deprecated
    Feature record: CXX_FEATURE:0cxx_auto_type
    Feature record: CXX_FEATURE:0cxx_binary_literals
    Feature record: CXX_FEATURE:0cxx_constexpr
    Feature record: CXX_FEATURE:0cxx_contextual_conversions
    Feature record: CXX_FEATURE:0cxx_decltype
    Feature record: CXX_FEATURE:0cxx_decltype_auto
    Feature record: CXX_FEATURE:0cxx_decltype_incomplete_return_types
    Feature record: CXX_FEATURE:0cxx_default_function_template_args
    Feature record: CXX_FEATURE:0cxx_defaulted_functions
    Feature record: CXX_FEATURE:0cxx_defaulted_move_initializers
    Feature record: CXX_FEATURE:0cxx_delegating_constructors
    Feature record: CXX_FEATURE:0cxx_deleted_functions
    Feature record: CXX_FEATURE:0cxx_digit_separators
    Feature record: CXX_FEATURE:0cxx_enum_forward_declarations
    Feature record: CXX_FEATURE:0cxx_explicit_conversions
    Feature record: CXX_FEATURE:0cxx_extended_friend_declarations
    Feature record: CXX_FEATURE:0cxx_extern_templates
    Feature record: CXX_FEATURE:0cxx_final
    Feature record: CXX_FEATURE:0cxx_func_identifier
    Feature record: CXX_FEATURE:0cxx_generalized_initializers
    Feature record: CXX_FEATURE:0cxx_generic_lambdas
    Feature record: CXX_FEATURE:0cxx_inheriting_constructors
    Feature record: CXX_FEATURE:0cxx_inline_namespaces
    Feature record: CXX_FEATURE:0cxx_lambdas
    Feature record: CXX_FEATURE:0cxx_lambda_init_captures
    Feature record: CXX_FEATURE:0cxx_local_type_template_args
    Feature record: CXX_FEATURE:0cxx_long_long_type
    Feature record: CXX_FEATURE:0cxx_noexcept
    Feature record: CXX_FEATURE:0cxx_nonstatic_member_init
    Feature record: CXX_FEATURE:0cxx_nullptr
    Feature record: CXX_FEATURE:0cxx_override
    Feature record: CXX_FEATURE:0cxx_range_for
    Feature record: CXX_FEATURE:0cxx_raw_string_literals
    Feature record: CXX_FEATURE:0cxx_reference_qualified_functions
    Feature record: CXX_FEATURE:0cxx_relaxed_constexpr
    Feature record: CXX_FEATURE:0cxx_return_type_deduction
    Feature record: CXX_FEATURE:0cxx_right_angle_brackets
    Feature record: CXX_FEATURE:0cxx_rvalue_references
    Feature record: CXX_FEATURE:0cxx_sizeof_member
    Feature record: CXX_FEATURE:0cxx_static_assert
    Feature record: CXX_FEATURE:0cxx_strong_enums
    Feature record: CXX_FEATURE:1cxx_template_template_parameters
    Feature record: CXX_FEATURE:0cxx_thread_local
    Feature record: CXX_FEATURE:0cxx_trailing_return_types
    Feature record: CXX_FEATURE:0cxx_unicode_literals
    Feature record: CXX_FEATURE:0cxx_uniform_initialization
    Feature record: CXX_FEATURE:0cxx_unrestricted_unions
    Feature record: CXX_FEATURE:0cxx_user_literals
    Feature record: CXX_FEATURE:0cxx_variable_templates
    Feature record: CXX_FEATURE:0cxx_variadic_macros
    Feature record: CXX_FEATURE:0cxx_variadic_templates
Determining if the include file pthread.h exists passed with the following output:
Change Dir: C:/Users/champ/Git/crows/opulence/CMakeFiles/CMakeTmp

Run Build Command:"C:/cygwin/bin/make.exe" "cmTC_839f1/fast"
/usr/bin/make -f CMakeFiles/cmTC_839f1.dir/build.make CMakeFiles/cmTC_839f1.dir/build
make[1]: Entering directory '/cygdrive/c/Users/champ/Git/crows/opulence/CMakeFiles/CMakeTmp'
Building C object CMakeFiles/cmTC_839f1.dir/CheckIncludeFile.c.obj
C:/cygwin/bin/i686-w64-mingw32-gcc.exe     -o CMakeFiles/cmTC_839f1.dir/CheckIncludeFile.c.obj   -c C:/Users/champ/Git/crows/opulence/CMakeFiles/CMakeTmp/CheckIncludeFile.c
Linking C executable cmTC_839f1.exe
"C:/Program Files (x86)/CMake/bin/cmake.exe" -E remove -f CMakeFiles/cmTC_839f1.dir/objects.a
C:/cygwin/bin/ar.exe cr CMakeFiles/cmTC_839f1.dir/objects.a @CMakeFiles/cmTC_839f1.dir/objects1.rsp
C:/cygwin/bin/i686-w64-mingw32-gcc.exe       -Wl,--whole-archive CMakeFiles/cmTC_839f1.dir/objects.a -Wl,--no-whole-archive  -o cmTC_839f1.exe -Wl,--out-implib,libcmTC_839f1.dll.a -Wl,--major-image-version,0,--minor-image-version,0 @CMakeFiles/cmTC_839f1.dir/linklibs.rsp
make[1]: Leaving directory '/cygdrive/c/Users/champ/Git/crows/opulence/CMakeFiles/CMakeTmp'


Determining if the function pthread_create exists in the pthread passed with the following output:
Change Dir: C:/Users/champ/Git/crows/opulence/CMakeFiles/CMakeTmp

Run Build Command:"C:/cygwin/bin/make.exe" "cmTC_fb761/fast"
/usr/bin/make -f CMakeFiles/cmTC_fb761.dir/build.make CMakeFiles/cmTC_fb761.dir/build
make[1]: Entering directory '/cygdrive/c/Users/champ/Git/crows/opulence/CMakeFiles/CMakeTmp'
Building C object CMakeFiles/cmTC_fb761.dir/CheckFunctionExists.c.obj
C:/cygwin/bin/i686-w64-mingw32-gcc.exe    -DCHECK_FUNCTION_EXISTS=pthread_create   -o CMakeFiles/cmTC_fb761.dir/CheckFunctionExists.c.obj   -c "C:/Program Files (x86)/CMake/share/cmake-3.5/Modules/CheckFunctionExists.c"
Linking C executable cmTC_fb761.exe
"C:/Program Files (x86)/CMake/bin/cmake.exe" -E remove -f CMakeFiles/cmTC_fb761.dir/objects.a
C:/cygwin/bin/ar.exe cr CMakeFiles/cmTC_fb761.dir/objects.a @CMakeFiles/cmTC_fb761.dir/objects1.rsp
C:/cygwin/bin/i686-w64-mingw32-gcc.exe   -DCHECK_FUNCTION_EXISTS=pthread_create    -Wl,--whole-archive CMakeFiles/cmTC_fb761.dir/objects.a -Wl,--no-whole-archive  -o cmTC_fb761.exe -Wl,--out-implib,libcmTC_fb761.dll.a -Wl,--major-image-version,0,--minor-image-version,0 @CMakeFiles/cmTC_fb761.dir/linklibs.rsp
make[1]: Leaving directory '/cygdrive/c/Users/champ/Git/crows/opulence/CMakeFiles/CMakeTmp'


The system is: CYGWIN - 2.5.1(0.297/5/3) - i686
Compiling the C compiler identification source file "CMakeCCompilerId.c" succeeded.
Compiler: C:/cygwin/bin/i686-w64-mingw32-gcc.exe 
Build flags: 
Id flags: 

The output was:
0


Compilation of the C compiler identification source "CMakeCCompilerId.c" produced "a.exe"

The C compiler identification is GNU, found in "/cygdrive/c/Users/champ/Git/crows/opulence/CMakeFiles/3.3.2/CompilerIdC/a.exe"

Compiling the CXX compiler identification source file "CMakeCXXCompilerId.cpp" succeeded.
Compiler: C:/cygwin/bin/i686-w64-mingw32-g++.exe 
Build flags: 
Id flags: 

The output was:
0


Compilation of the CXX compiler identification source "CMakeCXXCompilerId.cpp" produced "a.exe"

The CXX compiler identification is GNU, found in "/cygdrive/c/Users/champ/Git/crows/opulence/CMakeFiles/3.3.2/CompilerIdCXX/a.exe"

Compiling the C compiler identification source file "CMakeCCompilerId.c" succeeded.
Compiler: C:/cygwin/bin/i686-w64-mingw32-gcc.exe 
Build flags: 
Id flags: 

The output was:
0


Compilation of the C compiler identification source "CMakeCCompilerId.c" produced "a.exe"

The C compiler identification is GNU, found in "/cygdrive/c/Users/champ/Git/crows/opulence/CMakeFiles/3.3.2/CompilerIdC/a.exe"

Compiling the CXX compiler identification source file "CMakeCXXCompilerId.cpp" succeeded.
Compiler: C:/cygwin/bin/i686-w64-mingw32-g++.exe 
Build flags: -static-libgcc;-static-libstdc++
Id flags: 

The output was:
0


Compilation of the CXX compiler identification source "CMakeCXXCompilerId.cpp" produced "a.exe"

The CXX compiler identification is GNU, found in "/cygdrive/c/Users/champ/Git/crows/opulence/CMakeFiles/3.3.2/CompilerIdCXX/a.exe"

Compiling the C compiler identification source file "CMakeCCompilerId.c" succeeded.
Compiler: C:/cygwin/bin/i686-w64-mingw32-gcc.exe 
Build flags: 
Id flags: 

The output was:
0


Compilation of the C compiler identification source "CMakeCCompilerId.c" produced "a.exe"

The C compiler identification is GNU, found in "/cygdrive/c/Users/champ/Git/crows/opulence/CMakeFiles/3.3.2/CompilerIdC/a.exe"

Compiling the CXX compiler identification source file "CMakeCXXCompilerId.cpp" succeeded.
Compiler: C:/cygwin/bin/i686-w64-mingw32-g++.exe 
Build flags: -static-libgcc;-static-libstdc++
Id flags: 

The output was:
0


Compilation of the CXX compiler identification source "CMakeCXXCompilerId.cpp" produced "a.exe"

The CXX compiler identification is GNU, found in "/cygdrive/c/Users/champ/Git/crows/opulence/CMakeFiles/3.3.2/CompilerIdCXX/a.exe"

