Determining if the pthread_create exist failed with the following output:
Change Dir: /home/champ/Git/crows/opulence/CMakeFiles/CMakeTmp

Run Build Command:/usr/bin/make "cmTryCompileExec1962097807/fast"
/usr/bin/make -f CMakeFiles/cmTryCompileExec1962097807.dir/build.make CMakeFiles/cmTryCompileExec1962097807.dir/build
make[1]: Entering directory `/home/champ/Git/crows/opulence/CMakeFiles/CMakeTmp'
/usr/bin/cmake -E cmake_progress_report /home/champ/Git/crows/opulence/CMakeFiles/CMakeTmp/CMakeFiles 1
Building C object CMakeFiles/cmTryCompileExec1962097807.dir/CheckSymbolExists.c.o
/usr/bin/cc    -o CMakeFiles/cmTryCompileExec1962097807.dir/CheckSymbolExists.c.o   -c /home/champ/Git/crows/opulence/CMakeFiles/CMakeTmp/CheckSymbolExists.c
Linking C executable cmTryCompileExec1962097807
/usr/bin/cmake -E cmake_link_script CMakeFiles/cmTryCompileExec1962097807.dir/link.txt --verbose=1
/usr/bin/cc       CMakeFiles/cmTryCompileExec1962097807.dir/CheckSymbolExists.c.o  -o cmTryCompileExec1962097807 -rdynamic 
CMakeFiles/cmTryCompileExec1962097807.dir/CheckSymbolExists.c.o: In function `main':
CheckSymbolExists.c:(.text+0x16): undefined reference to `pthread_create'
collect2: error: ld returned 1 exit status
make[1]: *** [cmTryCompileExec1962097807] Error 1
make[1]: Leaving directory `/home/champ/Git/crows/opulence/CMakeFiles/CMakeTmp'
make: *** [cmTryCompileExec1962097807/fast] Error 2

File /home/champ/Git/crows/opulence/CMakeFiles/CMakeTmp/CheckSymbolExists.c:
/* */
#include <pthread.h>

int main(int argc, char** argv)
{
  (void)argv;
#ifndef pthread_create
  return ((int*)(&pthread_create))[argc];
#else
  (void)argc;
  return 0;
#endif
}

Determining if the function pthread_create exists in the pthreads failed with the following output:
Change Dir: /home/champ/Git/crows/opulence/CMakeFiles/CMakeTmp

Run Build Command:/usr/bin/make "cmTryCompileExec356777245/fast"
/usr/bin/make -f CMakeFiles/cmTryCompileExec356777245.dir/build.make CMakeFiles/cmTryCompileExec356777245.dir/build
make[1]: Entering directory `/home/champ/Git/crows/opulence/CMakeFiles/CMakeTmp'
/usr/bin/cmake -E cmake_progress_report /home/champ/Git/crows/opulence/CMakeFiles/CMakeTmp/CMakeFiles 1
Building C object CMakeFiles/cmTryCompileExec356777245.dir/CheckFunctionExists.c.o
/usr/bin/cc   -DCHECK_FUNCTION_EXISTS=pthread_create   -o CMakeFiles/cmTryCompileExec356777245.dir/CheckFunctionExists.c.o   -c /usr/share/cmake-2.8/Modules/CheckFunctionExists.c
Linking C executable cmTryCompileExec356777245
/usr/bin/cmake -E cmake_link_script CMakeFiles/cmTryCompileExec356777245.dir/link.txt --verbose=1
/usr/bin/cc   -DCHECK_FUNCTION_EXISTS=pthread_create    CMakeFiles/cmTryCompileExec356777245.dir/CheckFunctionExists.c.o  -o cmTryCompileExec356777245 -rdynamic -lpthreads 
/usr/bin/ld: cannot find -lpthreads
collect2: error: ld returned 1 exit status
make[1]: *** [cmTryCompileExec356777245] Error 1
make[1]: Leaving directory `/home/champ/Git/crows/opulence/CMakeFiles/CMakeTmp'
make: *** [cmTryCompileExec356777245/fast] Error 2


